<?xml version="1.0" encoding="utf-8"?>
<test-run id="2" testcasecount="16" result="Passed" total="16" passed="16" failed="0" inconclusive="0" skipped="0" asserts="0" engine-version="3.5.0.0" clr-version="4.0.30319.42000" start-time="2026-07-20 19:35:05Z" end-time="2026-07-20 19:35:05Z" duration="0.0609637">
  <test-suite type="TestSuite" id="1000" name="Editor" fullname="Editor" runstate="Runnable" testcasecount="25" result="Passed" start-time="2026-07-20 19:35:05Z" end-time="2026-07-20 19:35:05Z" duration="0.060964" total="16" passed="16" failed="0" inconclusive="0" skipped="0" asserts="0">
    <properties>
      <property name="platform" value="EditMode" />
    </properties>
    <test-suite type="Assembly" id="1034" name="BodyEditor.Tests.Editor.dll" fullname="E:/GameProject/Editor/Library/ScriptAssemblies/BodyEditor.Tests.Editor.dll" runstate="Runnable" testcasecount="25" result="Passed" start-time="2026-07-20 19:35:05Z" end-time="2026-07-20 19:35:05Z" duration="0.052062" total="16" passed="16" failed="0" inconclusive="0" skipped="0" asserts="0">
      <properties>
        <property name="_PID" value="37508" />
        <property name="_APPDOMAIN" value="Unity Child Domain" />
        <property name="platform" value="EditMode" />
        <property name="EditorOnly" value="True" />
      </properties>
      <test-suite type="TestSuite" id="1035" name="BodyEditor" fullname="BodyEditor" runstate="Runnable" testcasecount="25" result="Passed" start-time="2026-07-20 19:35:05Z" end-time="2026-07-20 19:35:05Z" duration="0.051054" total="16" passed="16" failed="0" inconclusive="0" skipped="0" asserts="0">
        <properties />
        <test-suite type="TestSuite" id="1036" name="Tests" fullname="BodyEditor.Tests" runstate="Runnable" testcasecount="25" result="Passed" start-time="2026-07-20 19:35:05Z" end-time="2026-07-20 19:35:05Z" duration="0.050281" total="16" passed="16" failed="0" inconclusive="0" skipped="0" asserts="0">
          <properties />
          <test-suite type="TestFixture" id="1005" name="KoikatsuLegacyBundleSanitizerTests" fullname="BodyEditor.Tests.KoikatsuLegacyBundleSanitizerTests" classname="BodyEditor.Tests.KoikatsuLegacyBundleSanitizerTests" runstate="Runnable" testcasecount="16" result="Passed" start-time="2026-07-20 19:35:05Z" end-time="2026-07-20 19:35:05Z" duration="0.048999" total="16" passed="16" failed="0" inconclusive="0" skipped="0" asserts="0">
            <properties />
            <test-suite type="ParameterizedMethod" id="1012" name="ComputesCompressedBaseLevelSize" fullname="BodyEditor.Tests.KoikatsuLegacyBundleSanitizerTests.ComputesCompressedBaseLevelSize" classname="BodyEditor.Tests.KoikatsuLegacyBundleSanitizerTests" runstate="Runnable" testcasecount="6" result="Passed" start-time="2026-07-20 19:35:05Z" end-time="2026-07-20 19:35:05Z" duration="0.026276" total="6" passed="6" failed="0" inconclusive="0" skipped="0" asserts="0">
              <properties />
              <test-case id="1006" name="ComputesCompressedBaseLevelSize(512,512,10,131072)" fullname="BodyEditor.Tests.KoikatsuLegacyBundleSanitizerTests.ComputesCompressedBaseLevelSize(512,512,10,131072)" methodname="ComputesCompressedBaseLevelSize" classname="BodyEditor.Tests.KoikatsuLegacyBundleSanitizerTests" runstate="Runnable" seed="98366841" result="Passed" start-time="2026-07-20 19:35:05Z" end-time="2026-07-20 19:35:05Z" duration="0.016535" asserts="0">
                <properties>
                  <property name="retryIteration" value="0" />
                  <property name="repeatIteration" value="0" />
                </properties>
              </test-case>
              <test-case id="1007" name="ComputesCompressedBaseLevelSize(1024,512,10,262144)" fullname="BodyEditor.Tests.KoikatsuLegacyBundleSanitizerTests.ComputesCompressedBaseLevelSize(1024,512,10,262144)" methodname="ComputesCompressedBaseLevelSize" classname="BodyEditor.Tests.KoikatsuLegacyBundleSanitizerTests" runstate="Runnable" seed="121707265" result="Passed" start-time="2026-07-20 19:35:05Z" end-time="2026-07-20 19:35:05Z" duration="0.000150" asserts="0">
                <properties>
                  <property name="retryIteration" value="0" />
                  <property name="repeatIteration" value="0" />
                </properties>
              </test-case>
              <test-case id="1008" name="ComputesCompressedBaseLevelSize(512,256,12,131072)" fullname="BodyEditor.Tests.KoikatsuLegacyBundleSanitizerTests.ComputesCompressedBaseLevelSize(512,256,12,131072)" methodname="ComputesCompressedBaseLevelSize" classname="BodyEditor.Tests.KoikatsuLegacyBundleSanitizerTests" runstate="Runnable" seed="747720486" result="Passed" start-time="2026-07-20 19:35:05Z" end-time="2026-07-20 19:35:05Z" duration="0.000101" asserts="0">
                <properties>
                  <property name="retryIteration" value="0" />
                  <property name="repeatIteration" value="0" />
                </properties>
              </test-case>
              <test-case id="1009" name="ComputesCompressedBaseLevelSize(1024,1024,25,1048576)" fullname="BodyEditor.Tests.KoikatsuLegacyBundleSanitizerTests.ComputesCompressedBaseLevelSize(1024,1024,25,1048576)" methodname="ComputesCompressedBaseLevelSize" classname="BodyEditor.Tests.KoikatsuLegacyBundleSanitizerTests" runstate="Runnable" seed="1903392367" result="Passed" start-time="2026-07-20 19:35:05Z" end-time="2026-07-20 19:35:05Z" duration="0.000062" asserts="0">
                <properties>
                  <property name="retryIteration" value="0" />
                  <property name="repeatIteration" value="0" />
                </properties>
              </test-case>
              <test-case id="1010" name="ComputesCompressedBaseLevelSize(8,8,10,32)" fullname="BodyEditor.Tests.KoikatsuLegacyBundleSanitizerTests.ComputesCompressedBaseLevelSize(8,8,10,32)" methodname="ComputesCompressedBaseLevelSize" classname="BodyEditor.Tests.KoikatsuLegacyBundleSanitizerTests" runstate="Runnable" seed="1794700324" result="Passed" start-time="2026-07-20 19:35:05Z" end-time="2026-07-20 19:35:05Z" duration="0.000061" asserts="0">
                <properties>
                  <property name="retryIteration" value="0" />
                  <property name="repeatIteration" value="0" />
                </properties>
              </test-case>
              <test-case id="1011" name="ComputesCompressedBaseLevelSize(2,1,10,8)" fullname="BodyEditor.Tests.KoikatsuLegacyBundleSanitizerTests.ComputesCompressedBaseLevelSize(2,1,10,8)" methodname="ComputesCompressedBaseLevelSize" classname="BodyEditor.Tests.KoikatsuLegacyBundleSanitizerTests" runstate="Runnable" seed="1039271987" result="Passed" start-time="2026-07-20 19:35:05Z" end-time="2026-07-20 19:35:05Z" duration="0.000059" asserts="0">
                <properties>
                  <property name="retryIteration" value="0" />
                  <property name="repeatIteration" value="0" />
                </properties>
              </test-case>
            </test-suite>
            <test-suite type="ParameterizedMethod" id="1024" name="DetectsLegacyEngineVersions" fullname="BodyEditor.Tests.KoikatsuLegacyBundleSanitizerTests.DetectsLegacyEngineVersions" classname="BodyEditor.Tests.KoikatsuLegacyBundleSanitizerTests" runstate="Runnable" testcasecount="5" result="Passed" start-time="2026-07-20 19:35:05Z" end-time="2026-07-20 19:35:05Z" duration="0.003461" total="5" passed="5" failed="0" inconclusive="0" skipped="0" asserts="0">
              <properties />
              <test-case id="1019" name="DetectsLegacyEngineVersions(&quot;5.6.2f1&quot;,True)" fullname="BodyEditor.Tests.KoikatsuLegacyBundleSanitizerTests.DetectsLegacyEngineVersions(&quot;5.6.2f1&quot;,True)" methodname="DetectsLegacyEngineVersions" classname="BodyEditor.Tests.KoikatsuLegacyBundleSanitizerTests" runstate="Runnable" seed="581542293" result="Passed" start-time="2026-07-20 19:35:05Z" end-time="2026-07-20 19:35:05Z" duration="0.001880" asserts="0">
                <properties>
                  <property name="retryIteration" value="0" />
                  <property name="repeatIteration" value="0" />
                </properties>
              </test-case>
              <test-case id="1020" name="DetectsLegacyEngineVersions(&quot;2018.4.36f1&quot;,True)" fullname="BodyEditor.Tests.KoikatsuLegacyBundleSanitizerTests.DetectsLegacyEngineVersions(&quot;2018.4.36f1&quot;,True)" methodname="DetectsLegacyEngineVersions" classname="BodyEditor.Tests.KoikatsuLegacyBundleSanitizerTests" runstate="Runnable" seed="1281252853" result="Passed" start-time="2026-07-20 19:35:05Z" end-time="2026-07-20 19:35:05Z" duration="0.000112" asserts="0">
                <properties>
                  <property name="retryIteration" value="0" />
                  <property name="repeatIteration" value="0" />
                </properties>
              </test-case>
              <test-case id="1021" name="DetectsLegacyEngineVersions(&quot;2019.1.0f1&quot;,False)" fullname="BodyEditor.Tests.KoikatsuLegacyBundleSanitizerTests.DetectsLegacyEngineVersions(&quot;2019.1.0f1&quot;,False)" methodname="DetectsLegacyEngineVersions" classname="BodyEditor.Tests.KoikatsuLegacyBundleSanitizerTests" runstate="Runnable" seed="1409603046" result="Passed" start-time="2026-07-20 19:35:05Z" end-time="2026-07-20 19:35:05Z" duration="0.000092" asserts="0">
                <properties>
                  <property name="retryIteration" value="0" />
                  <property name="repeatIteration" value="0" />
                </properties>
              </test-case>
              <test-case id="1022" name="DetectsLegacyEngineVersions(&quot;6000.5.0f1&quot;,False)" fullname="BodyEditor.Tests.KoikatsuLegacyBundleSanitizerTests.DetectsLegacyEngineVersions(&quot;6000.5.0f1&quot;,False)" methodname="DetectsLegacyEngineVersions" classname="BodyEditor.Tests.KoikatsuLegacyBundleSanitizerTests" runstate="Runnable" seed="2060298878" result="Passed" start-time="2026-07-20 19:35:05Z" end-time="2026-07-20 19:35:05Z" duration="0.000068" asserts="0">
                <properties>
                  <property name="retryIteration" value="0" />
                  <property name="repeatIteration" value="0" />
                </properties>
              </test-case>
              <test-case id="1023" name="DetectsLegacyEngineVersions(&quot;&quot;,True)" fullname="BodyEditor.Tests.KoikatsuLegacyBundleSanitizerTests.DetectsLegacyEngineVersions(&quot;&quot;,True)" methodname="DetectsLegacyEngineVersions" classname="BodyEditor.Tests.KoikatsuLegacyBundleSanitizerTests" runstate="Runnable" seed="305394109" result="Passed" start-time="2026-07-20 19:35:05Z" end-time="2026-07-20 19:35:05Z" duration="0.000078" asserts="0">
                <properties>
                  <property name="retryIteration" value="0" />
                  <property name="repeatIteration" value="0" />
                </properties>
              </test-case>
            </test-suite>
            <test-case id="1013" name="RejectsUnsupportedTextureFormat" fullname="BodyEditor.Tests.KoikatsuLegacyBundleSanitizerTests.RejectsUnsupportedTextureFormat" methodname="RejectsUnsupportedTextureFormat" classname="BodyEditor.Tests.KoikatsuLegacyBundleSanitizerTests" runstate="Runnable" seed="1229730921" result="Passed" start-time="2026-07-20 19:35:05Z" end-time="2026-07-20 19:35:05Z" duration="0.000287" asserts="0">
              <properties>
                <property name="retryIteration" value="0" />
                <property name="repeatIteration" value="0" />
              </properties>
            </test-case>
            <test-suite type="ParameterizedMethod" id="1018" name="RepairsOnlyZeroMipCounts" fullname="BodyEditor.Tests.KoikatsuLegacyBundleSanitizerTests.RepairsOnlyZeroMipCounts" classname="BodyEditor.Tests.KoikatsuLegacyBundleSanitizerTests" runstate="Runnable" testcasecount="4" result="Passed" start-time="2026-07-20 19:35:05Z" end-time="2026-07-20 19:35:05Z" duration="0.001205" total="4" passed="4" failed="0" inconclusive="0" skipped="0" asserts="0">
              <properties />
              <test-case id="1014" name="RepairsOnlyZeroMipCounts(0,True)" fullname="BodyEditor.Tests.KoikatsuLegacyBundleSanitizerTests.RepairsOnlyZeroMipCounts(0,True)" methodname="RepairsOnlyZeroMipCounts" classname="BodyEditor.Tests.KoikatsuLegacyBundleSanitizerTests" runstate="Runnable" seed="1898772677" result="Passed" start-time="2026-07-20 19:35:05Z" end-time="2026-07-20 19:35:05Z" duration="0.000245" asserts="0">
                <properties>
                  <property name="retryIteration" value="0" />
                  <property name="repeatIteration" value="0" />
                </properties>
              </test-case>
              <test-case id="1015" name="RepairsOnlyZeroMipCounts(1,False)" fullname="BodyEditor.Tests.KoikatsuLegacyBundleSanitizerTests.RepairsOnlyZeroMipCounts(1,False)" methodname="RepairsOnlyZeroMipCounts" classname="BodyEditor.Tests.KoikatsuLegacyBundleSanitizerTests" runstate="Runnable" seed="241159652" result="Passed" start-time="2026-07-20 19:35:05Z" end-time="2026-07-20 19:35:05Z" duration="0.000072" asserts="0">
                <properties>
                  <property name="retryIteration" value="0" />
                  <property name="repeatIteration" value="0" />
                </properties>
              </test-case>
              <test-case id="1016" name="RepairsOnlyZeroMipCounts(2,False)" fullname="BodyEditor.Tests.KoikatsuLegacyBundleSanitizerTests.RepairsOnlyZeroMipCounts(2,False)" methodname="RepairsOnlyZeroMipCounts" classname="BodyEditor.Tests.KoikatsuLegacyBundleSanitizerTests" runstate="Runnable" seed="369651615" result="Passed" start-time="2026-07-20 19:35:05Z" end-time="2026-07-20 19:35:05Z" duration="0.000068" asserts="0">
                <properties>
                  <property name="retryIteration" value="0" />
                  <property name="repeatIteration" value="0" />
                </properties>
              </test-case>
              <test-case id="1017" name="RepairsOnlyZeroMipCounts(10,False)" fullname="BodyEditor.Tests.KoikatsuLegacyBundleSanitizerTests.RepairsOnlyZeroMipCounts(10,False)" methodname="RepairsOnlyZeroMipCounts" classname="BodyEditor.Tests.KoikatsuLegacyBundleSanitizerTests" runstate="Runnable" seed="593300611" result="Passed" start-time="2026-07-20 19:35:05Z" end-time="2026-07-20 19:35:05Z" duration="0.000065" asserts="0">
                <properties>
                  <property name="retryIteration" value="0" />
                  <property name="repeatIteration" value="0" />
                </properties>
                <output><![CDATA[Saving results to: C:/Users/27462/AppData/LocalLow/DefaultCompany/Editor\TestResults.xml
]]></output>
              </test-case>
            </test-suite>
          </test-suite>
        </test-suite>
      </test-suite>
    </test-suite>
  </test-suite>
</test-run>